<?xml version="1.0" encoding="UTF-8"?>
<testsuite name="mykotlin.algorithms.PlusMinusTest" tests="1" skipped="0" failures="0" errors="0" timestamp="2021-09-02T18:29:03" hostname="mpolizzotti" time="0.029">
  <properties/>
  <testcase name="should return an object with positive, negative and zero ratios given the array matrix" classname="mykotlin.algorithms.PlusMinusTest" time="0.029"/>
  <system-out><![CDATA[0.500000
0.333333
0.166667
]]></system-out>
  <system-err><![CDATA[]]></system-err>
</testsuite>
